<?xml version="1.0" encoding="UTF-8"?>
<testsuite xmlns:xsi="http://www.w3.org/2001/XMLSchema-instance" xsi:noNamespaceSchemaLocation="https://maven.apache.org/surefire/maven-surefire-plugin/xsd/surefire-test-report-3.0.xsd" version="3.0" name="com.parentChild.mapping.EntityMappingApplicationTests" time="5.442" tests="1" errors="0" skipped="0" failures="0">
  <properties>
    <property name="java.specification.version" value="21"/>
    <property name="sun.cpu.isalist" value="amd64"/>
    <property name="sun.jnu.encoding" value="Cp1252"/>
    <property name="java.class.path" value="C:\Users\jaisw\java-project\EntityMapping\target\test-classes;C:\Users\jaisw\java-project\EntityMapping\target\classes;C:\Users\jaisw\.m2\repository\org\springframework\boot\spring-boot-starter-web\3.1.11-SNAPSHOT\spring-boot-starter-web-3.1.11-SNAPSHOT.jar;C:\Users\jaisw\.m2\repository\org\springframework\boot\spring-boot-starter\3.1.11-SNAPSHOT\spring-boot-starter-3.1.11-SNAPSHOT.jar;C:\Users\jaisw\.m2\repository\org\springframework\boot\spring-boot-starter-logging\3.1.11-SNAPSHOT\spring-boot-starter-logging-3.1.11-SNAPSHOT.jar;C:\Users\jaisw\.m2\repository\ch\qos\logback\logback-classic\1.4.14\logback-classic-1.4.14.jar;C:\Users\jaisw\.m2\repository\ch\qos\logback\logback-core\1.4.14\logback-core-1.4.14.jar;C:\Users\jaisw\.m2\repository\org\apache\logging\log4j\log4j-to-slf4j\2.20.0\log4j-to-slf4j-2.20.0.jar;C:\Users\jaisw\.m2\repository\org\apache\logging\log4j\log4j-api\2.20.0\log4j-api-2.20.0.jar;C:\Users\jaisw\.m2\repository\org\slf4j\jul-to-slf4j\2.0.12\jul-to-slf4j-2.0.12.jar;C:\Users\jaisw\.m2\repository\jakarta\annotation\jakarta.annotation-api\2.1.1\jakarta.annotation-api-2.1.1.jar;C:\Users\jaisw\.m2\repository\org\yaml\snakeyaml\1.33\snakeyaml-1.33.jar;C:\Users\jaisw\.m2\repository\org\springframework\boot\spring-boot-starter-json\3.1.11-SNAPSHOT\spring-boot-starter-json-3.1.11-SNAPSHOT.jar;C:\Users\jaisw\.m2\repository\com\fasterxml\jackson\datatype\jackson-datatype-jdk8\2.15.4\jackson-datatype-jdk8-2.15.4.jar;C:\Users\jaisw\.m2\repository\com\fasterxml\jackson\datatype\jackson-datatype-jsr310\2.15.4\jackson-datatype-jsr310-2.15.4.jar;C:\Users\jaisw\.m2\repository\com\fasterxml\jackson\module\jackson-module-parameter-names\2.15.4\jackson-module-parameter-names-2.15.4.jar;C:\Users\jaisw\.m2\repository\org\springframework\boot\spring-boot-starter-tomcat\3.1.11-SNAPSHOT\spring-boot-starter-tomcat-3.1.11-SNAPSHOT.jar;C:\Users\jaisw\.m2\repository\org\apache\tomcat\embed\tomcat-embed-core\10.1.20\tomcat-embed-core-10.1.20.jar;C:\Users\jaisw\.m2\repository\org\apache\tomcat\embed\tomcat-embed-websocket\10.1.20\tomcat-embed-websocket-10.1.20.jar;C:\Users\jaisw\.m2\repository\org\springframework\spring-web\6.0.19-SNAPSHOT\spring-web-6.0.19-SNAPSHOT.jar;C:\Users\jaisw\.m2\repository\org\springframework\spring-beans\6.0.19-SNAPSHOT\spring-beans-6.0.19-SNAPSHOT.jar;C:\Users\jaisw\.m2\repository\io\micrometer\micrometer-observation\1.11.11\micrometer-observation-1.11.11.jar;C:\Users\jaisw\.m2\repository\io\micrometer\micrometer-commons\1.11.11\micrometer-commons-1.11.11.jar;C:\Users\jaisw\.m2\repository\org\springframework\spring-webmvc\6.0.19-SNAPSHOT\spring-webmvc-6.0.19-SNAPSHOT.jar;C:\Users\jaisw\.m2\repository\org\springframework\spring-context\6.0.19-SNAPSHOT\spring-context-6.0.19-SNAPSHOT.jar;C:\Users\jaisw\.m2\repository\org\springframework\spring-expression\6.0.19-SNAPSHOT\spring-expression-6.0.19-SNAPSHOT.jar;C:\Users\jaisw\.m2\repository\org\springframework\boot\spring-boot-starter-security\3.1.11-SNAPSHOT\spring-boot-starter-security-3.1.11-SNAPSHOT.jar;C:\Users\jaisw\.m2\repository\org\springframework\spring-aop\6.0.19-SNAPSHOT\spring-aop-6.0.19-SNAPSHOT.jar;C:\Users\jaisw\.m2\repository\org\springframework\security\spring-security-config\6.1.9-SNAPSHOT\spring-security-config-6.1.9-SNAPSHOT.jar;C:\Users\jaisw\.m2\repository\org\springframework\security\spring-security-core\6.1.9-SNAPSHOT\spring-security-core-6.1.9-SNAPSHOT.jar;C:\Users\jaisw\.m2\repository\org\springframework\security\spring-security-crypto\6.1.9-SNAPSHOT\spring-security-crypto-6.1.9-SNAPSHOT.jar;C:\Users\jaisw\.m2\repository\org\springframework\security\spring-security-web\6.1.9-SNAPSHOT\spring-security-web-6.1.9-SNAPSHOT.jar;C:\Users\jaisw\.m2\repository\org\springframework\boot\spring-boot-starter-data-jpa\3.1.11-SNAPSHOT\spring-boot-starter-data-jpa-3.1.11-SNAPSHOT.jar;C:\Users\jaisw\.m2\repository\org\springframework\boot\spring-boot-starter-aop\3.1.11-SNAPSHOT\spring-boot-starter-aop-3.1.11-SNAPSHOT.jar;C:\Users\jaisw\.m2\repository\org\aspectj\aspectjweaver\1.9.22\aspectjweaver-1.9.22.jar;C:\Users\jaisw\.m2\repository\org\springframework\boot\spring-boot-starter-jdbc\3.1.11-SNAPSHOT\spring-boot-starter-jdbc-3.1.11-SNAPSHOT.jar;C:\Users\jaisw\.m2\repository\com\zaxxer\HikariCP\5.0.1\HikariCP-5.0.1.jar;C:\Users\jaisw\.m2\repository\org\springframework\spring-jdbc\6.0.19-SNAPSHOT\spring-jdbc-6.0.19-SNAPSHOT.jar;C:\Users\jaisw\.m2\repository\org\hibernate\orm\hibernate-core\6.2.24.Final\hibernate-core-6.2.24.Final.jar;C:\Users\jaisw\.m2\repository\jakarta\persistence\jakarta.persistence-api\3.1.0\jakarta.persistence-api-3.1.0.jar;C:\Users\jaisw\.m2\repository\jakarta\transaction\jakarta.transaction-api\2.0.1\jakarta.transaction-api-2.0.1.jar;C:\Users\jaisw\.m2\repository\org\jboss\logging\jboss-logging\3.5.3.Final\jboss-logging-3.5.3.Final.jar;C:\Users\jaisw\.m2\repository\org\hibernate\common\hibernate-commons-annotations\6.0.6.Final\hibernate-commons-annotations-6.0.6.Final.jar;C:\Users\jaisw\.m2\repository\io\smallrye\jandex\3.0.5\jandex-3.0.5.jar;C:\Users\jaisw\.m2\repository\com\fasterxml\classmate\1.5.1\classmate-1.5.1.jar;C:\Users\jaisw\.m2\repository\net\bytebuddy\byte-buddy\1.14.13\byte-buddy-1.14.13.jar;C:\Users\jaisw\.m2\repository\org\glassfish\jaxb\jaxb-runtime\4.0.5\jaxb-runtime-4.0.5.jar;C:\Users\jaisw\.m2\repository\org\glassfish\jaxb\jaxb-core\4.0.5\jaxb-core-4.0.5.jar;C:\Users\jaisw\.m2\repository\org\eclipse\angus\angus-activation\2.0.2\angus-activation-2.0.2.jar;C:\Users\jaisw\.m2\repository\org\glassfish\jaxb\txw2\4.0.5\txw2-4.0.5.jar;C:\Users\jaisw\.m2\repository\com\sun\istack\istack-commons-runtime\4.1.2\istack-commons-runtime-4.1.2.jar;C:\Users\jaisw\.m2\repository\jakarta\inject\jakarta.inject-api\2.0.1\jakarta.inject-api-2.0.1.jar;C:\Users\jaisw\.m2\repository\org\antlr\antlr4-runtime\4.10.1\antlr4-runtime-4.10.1.jar;C:\Users\jaisw\.m2\repository\org\springframework\data\spring-data-jpa\3.1.11-SNAPSHOT\spring-data-jpa-3.1.11-SNAPSHOT.jar;C:\Users\jaisw\.m2\repository\org\springframework\data\spring-data-commons\3.1.11-SNAPSHOT\spring-data-commons-3.1.11-SNAPSHOT.jar;C:\Users\jaisw\.m2\repository\org\springframework\spring-orm\6.0.19-SNAPSHOT\spring-orm-6.0.19-SNAPSHOT.jar;C:\Users\jaisw\.m2\repository\org\springframework\spring-tx\6.0.19-SNAPSHOT\spring-tx-6.0.19-SNAPSHOT.jar;C:\Users\jaisw\.m2\repository\org\slf4j\slf4j-api\2.0.12\slf4j-api-2.0.12.jar;C:\Users\jaisw\.m2\repository\org\springframework\spring-aspects\6.0.19-SNAPSHOT\spring-aspects-6.0.19-SNAPSHOT.jar;C:\Users\jaisw\.m2\repository\org\springframework\boot\spring-boot-starter-validation\3.1.11-SNAPSHOT\spring-boot-starter-validation-3.1.11-SNAPSHOT.jar;C:\Users\jaisw\.m2\repository\org\apache\tomcat\embed\tomcat-embed-el\10.1.20\tomcat-embed-el-10.1.20.jar;C:\Users\jaisw\.m2\repository\org\hibernate\validator\hibernate-validator\8.0.1.Final\hibernate-validator-8.0.1.Final.jar;C:\Users\jaisw\.m2\repository\jakarta\validation\jakarta.validation-api\3.0.2\jakarta.validation-api-3.0.2.jar;C:\Users\jaisw\.m2\repository\com\mysql\mysql-connector-j\8.0.33\mysql-connector-j-8.0.33.jar;C:\Users\jaisw\.m2\repository\org\springframework\boot\spring-boot-devtools\3.1.11-SNAPSHOT\spring-boot-devtools-3.1.11-SNAPSHOT.jar;C:\Users\jaisw\.m2\repository\org\springframework\boot\spring-boot\3.1.11-SNAPSHOT\spring-boot-3.1.11-SNAPSHOT.jar;C:\Users\jaisw\.m2\repository\org\springframework\boot\spring-boot-autoconfigure\3.1.11-SNAPSHOT\spring-boot-autoconfigure-3.1.11-SNAPSHOT.jar;C:\Users\jaisw\.m2\repository\org\projectlombok\lombok\1.18.32\lombok-1.18.32.jar;C:\Users\jaisw\.m2\repository\org\springframework\boot\spring-boot-starter-test\3.1.11-SNAPSHOT\spring-boot-starter-test-3.1.11-SNAPSHOT.jar;C:\Users\jaisw\.m2\repository\org\springframework\boot\spring-boot-test\3.1.11-SNAPSHOT\spring-boot-test-3.1.11-SNAPSHOT.jar;C:\Users\jaisw\.m2\repository\org\springframework\boot\spring-boot-test-autoconfigure\3.1.11-SNAPSHOT\spring-boot-test-autoconfigure-3.1.11-SNAPSHOT.jar;C:\Users\jaisw\.m2\repository\com\jayway\jsonpath\json-path\2.9.0\json-path-2.9.0.jar;C:\Users\jaisw\.m2\repository\jakarta\xml\bind\jakarta.xml.bind-api\4.0.2\jakarta.xml.bind-api-4.0.2.jar;C:\Users\jaisw\.m2\repository\jakarta\activation\jakarta.activation-api\2.1.3\jakarta.activation-api-2.1.3.jar;C:\Users\jaisw\.m2\repository\net\minidev\json-smart\2.4.11\json-smart-2.4.11.jar;C:\Users\jaisw\.m2\repository\net\minidev\accessors-smart\2.4.11\accessors-smart-2.4.11.jar;C:\Users\jaisw\.m2\repository\org\ow2\asm\asm\9.3\asm-9.3.jar;C:\Users\jaisw\.m2\repository\org\assertj\assertj-core\3.24.2\assertj-core-3.24.2.jar;C:\Users\jaisw\.m2\repository\org\hamcrest\hamcrest\2.2\hamcrest-2.2.jar;C:\Users\jaisw\.m2\repository\org\junit\jupiter\junit-jupiter\5.9.3\junit-jupiter-5.9.3.jar;C:\Users\jaisw\.m2\repository\org\junit\jupiter\junit-jupiter-api\5.9.3\junit-jupiter-api-5.9.3.jar;C:\Users\jaisw\.m2\repository\org\opentest4j\opentest4j\1.2.0\opentest4j-1.2.0.jar;C:\Users\jaisw\.m2\repository\org\junit\platform\junit-platform-commons\1.9.3\junit-platform-commons-1.9.3.jar;C:\Users\jaisw\.m2\repository\org\apiguardian\apiguardian-api\1.1.2\apiguardian-api-1.1.2.jar;C:\Users\jaisw\.m2\repository\org\junit\jupiter\junit-jupiter-params\5.9.3\junit-jupiter-params-5.9.3.jar;C:\Users\jaisw\.m2\repository\org\junit\jupiter\junit-jupiter-engine\5.9.3\junit-jupiter-engine-5.9.3.jar;C:\Users\jaisw\.m2\repository\org\junit\platform\junit-platform-engine\1.9.3\junit-platform-engine-1.9.3.jar;C:\Users\jaisw\.m2\repository\org\mockito\mockito-core\5.3.1\mockito-core-5.3.1.jar;C:\Users\jaisw\.m2\repository\net\bytebuddy\byte-buddy-agent\1.14.13\byte-buddy-agent-1.14.13.jar;C:\Users\jaisw\.m2\repository\org\objenesis\objenesis\3.3\objenesis-3.3.jar;C:\Users\jaisw\.m2\repository\org\mockito\mockito-junit-jupiter\5.3.1\mockito-junit-jupiter-5.3.1.jar;C:\Users\jaisw\.m2\repository\org\skyscreamer\jsonassert\1.5.1\jsonassert-1.5.1.jar;C:\Users\jaisw\.m2\repository\com\vaadin\external\google\android-json\0.0.20131108.vaadin1\android-json-0.0.20131108.vaadin1.jar;C:\Users\jaisw\.m2\repository\org\springframework\spring-core\6.0.19-SNAPSHOT\spring-core-6.0.19-SNAPSHOT.jar;C:\Users\jaisw\.m2\repository\org\springframework\spring-jcl\6.0.19-SNAPSHOT\spring-jcl-6.0.19-SNAPSHOT.jar;C:\Users\jaisw\.m2\repository\org\springframework\spring-test\6.0.19-SNAPSHOT\spring-test-6.0.19-SNAPSHOT.jar;C:\Users\jaisw\.m2\repository\org\xmlunit\xmlunit-core\2.9.1\xmlunit-core-2.9.1.jar;C:\Users\jaisw\.m2\repository\io\jsonwebtoken\jjwt-api\0.11.5\jjwt-api-0.11.5.jar;C:\Users\jaisw\.m2\repository\io\jsonwebtoken\jjwt-impl\0.11.5\jjwt-impl-0.11.5.jar;C:\Users\jaisw\.m2\repository\io\jsonwebtoken\jjwt-jackson\0.11.5\jjwt-jackson-0.11.5.jar;C:\Users\jaisw\.m2\repository\com\fasterxml\jackson\core\jackson-databind\2.15.4\jackson-databind-2.15.4.jar;C:\Users\jaisw\.m2\repository\com\fasterxml\jackson\core\jackson-annotations\2.15.4\jackson-annotations-2.15.4.jar;C:\Users\jaisw\.m2\repository\com\fasterxml\jackson\core\jackson-core\2.15.4\jackson-core-2.15.4.jar;C:\Users\jaisw\.m2\repository\io\jsonwebtoken\jjwt\0.9.1\jjwt-0.9.1.jar;"/>
    <property name="java.vm.vendor" value="Oracle Corporation"/>
    <property name="sun.arch.data.model" value="64"/>
    <property name="user.variant" value=""/>
    <property name="java.vendor.url" value="https://java.oracle.com/"/>
    <property name="user.timezone" value="Asia/Calcutta"/>
    <property name="org.jboss.logging.provider" value="slf4j"/>
    <property name="os.name" value="Windows 11"/>
    <property name="java.vm.specification.version" value="21"/>
    <property name="sun.java.launcher" value="SUN_STANDARD"/>
    <property name="user.country" value="IN"/>
    <property name="sun.boot.library.path" value="C:\Users\jaisw\my software\jdk-21_windows-x64_bin\jdk-21.0.2\bin"/>
    <property name="sun.java.command" value="C:\Users\jaisw\AppData\Local\Temp\surefire6421129412424042236\surefirebooter-20240415170018608_3.jar C:\Users\jaisw\AppData\Local\Temp\surefire6421129412424042236 2024-04-15T17-00-18_484-jvmRun1 surefire-20240415170018608_1tmp surefire_0-20240415170018608_2tmp"/>
    <property name="jdk.debug" value="release"/>
    <property name="surefire.test.class.path" value="C:\Users\jaisw\java-project\EntityMapping\target\test-classes;C:\Users\jaisw\java-project\EntityMapping\target\classes;C:\Users\jaisw\.m2\repository\org\springframework\boot\spring-boot-starter-web\3.1.11-SNAPSHOT\spring-boot-starter-web-3.1.11-SNAPSHOT.jar;C:\Users\jaisw\.m2\repository\org\springframework\boot\spring-boot-starter\3.1.11-SNAPSHOT\spring-boot-starter-3.1.11-SNAPSHOT.jar;C:\Users\jaisw\.m2\repository\org\springframework\boot\spring-boot-starter-logging\3.1.11-SNAPSHOT\spring-boot-starter-logging-3.1.11-SNAPSHOT.jar;C:\Users\jaisw\.m2\repository\ch\qos\logback\logback-classic\1.4.14\logback-classic-1.4.14.jar;C:\Users\jaisw\.m2\repository\ch\qos\logback\logback-core\1.4.14\logback-core-1.4.14.jar;C:\Users\jaisw\.m2\repository\org\apache\logging\log4j\log4j-to-slf4j\2.20.0\log4j-to-slf4j-2.20.0.jar;C:\Users\jaisw\.m2\repository\org\apache\logging\log4j\log4j-api\2.20.0\log4j-api-2.20.0.jar;C:\Users\jaisw\.m2\repository\org\slf4j\jul-to-slf4j\2.0.12\jul-to-slf4j-2.0.12.jar;C:\Users\jaisw\.m2\repository\jakarta\annotation\jakarta.annotation-api\2.1.1\jakarta.annotation-api-2.1.1.jar;C:\Users\jaisw\.m2\repository\org\yaml\snakeyaml\1.33\snakeyaml-1.33.jar;C:\Users\jaisw\.m2\repository\org\springframework\boot\spring-boot-starter-json\3.1.11-SNAPSHOT\spring-boot-starter-json-3.1.11-SNAPSHOT.jar;C:\Users\jaisw\.m2\repository\com\fasterxml\jackson\datatype\jackson-datatype-jdk8\2.15.4\jackson-datatype-jdk8-2.15.4.jar;C:\Users\jaisw\.m2\repository\com\fasterxml\jackson\datatype\jackson-datatype-jsr310\2.15.4\jackson-datatype-jsr310-2.15.4.jar;C:\Users\jaisw\.m2\repository\com\fasterxml\jackson\module\jackson-module-parameter-names\2.15.4\jackson-module-parameter-names-2.15.4.jar;C:\Users\jaisw\.m2\repository\org\springframework\boot\spring-boot-starter-tomcat\3.1.11-SNAPSHOT\spring-boot-starter-tomcat-3.1.11-SNAPSHOT.jar;C:\Users\jaisw\.m2\repository\org\apache\tomcat\embed\tomcat-embed-core\10.1.20\tomcat-embed-core-10.1.20.jar;C:\Users\jaisw\.m2\repository\org\apache\tomcat\embed\tomcat-embed-websocket\10.1.20\tomcat-embed-websocket-10.1.20.jar;C:\Users\jaisw\.m2\repository\org\springframework\spring-web\6.0.19-SNAPSHOT\spring-web-6.0.19-SNAPSHOT.jar;C:\Users\jaisw\.m2\repository\org\springframework\spring-beans\6.0.19-SNAPSHOT\spring-beans-6.0.19-SNAPSHOT.jar;C:\Users\jaisw\.m2\repository\io\micrometer\micrometer-observation\1.11.11\micrometer-observation-1.11.11.jar;C:\Users\jaisw\.m2\repository\io\micrometer\micrometer-commons\1.11.11\micrometer-commons-1.11.11.jar;C:\Users\jaisw\.m2\repository\org\springframework\spring-webmvc\6.0.19-SNAPSHOT\spring-webmvc-6.0.19-SNAPSHOT.jar;C:\Users\jaisw\.m2\repository\org\springframework\spring-context\6.0.19-SNAPSHOT\spring-context-6.0.19-SNAPSHOT.jar;C:\Users\jaisw\.m2\repository\org\springframework\spring-expression\6.0.19-SNAPSHOT\spring-expression-6.0.19-SNAPSHOT.jar;C:\Users\jaisw\.m2\repository\org\springframework\boot\spring-boot-starter-security\3.1.11-SNAPSHOT\spring-boot-starter-security-3.1.11-SNAPSHOT.jar;C:\Users\jaisw\.m2\repository\org\springframework\spring-aop\6.0.19-SNAPSHOT\spring-aop-6.0.19-SNAPSHOT.jar;C:\Users\jaisw\.m2\repository\org\springframework\security\spring-security-config\6.1.9-SNAPSHOT\spring-security-config-6.1.9-SNAPSHOT.jar;C:\Users\jaisw\.m2\repository\org\springframework\security\spring-security-core\6.1.9-SNAPSHOT\spring-security-core-6.1.9-SNAPSHOT.jar;C:\Users\jaisw\.m2\repository\org\springframework\security\spring-security-crypto\6.1.9-SNAPSHOT\spring-security-crypto-6.1.9-SNAPSHOT.jar;C:\Users\jaisw\.m2\repository\org\springframework\security\spring-security-web\6.1.9-SNAPSHOT\spring-security-web-6.1.9-SNAPSHOT.jar;C:\Users\jaisw\.m2\repository\org\springframework\boot\spring-boot-starter-data-jpa\3.1.11-SNAPSHOT\spring-boot-starter-data-jpa-3.1.11-SNAPSHOT.jar;C:\Users\jaisw\.m2\repository\org\springframework\boot\spring-boot-starter-aop\3.1.11-SNAPSHOT\spring-boot-starter-aop-3.1.11-SNAPSHOT.jar;C:\Users\jaisw\.m2\repository\org\aspectj\aspectjweaver\1.9.22\aspectjweaver-1.9.22.jar;C:\Users\jaisw\.m2\repository\org\springframework\boot\spring-boot-starter-jdbc\3.1.11-SNAPSHOT\spring-boot-starter-jdbc-3.1.11-SNAPSHOT.jar;C:\Users\jaisw\.m2\repository\com\zaxxer\HikariCP\5.0.1\HikariCP-5.0.1.jar;C:\Users\jaisw\.m2\repository\org\springframework\spring-jdbc\6.0.19-SNAPSHOT\spring-jdbc-6.0.19-SNAPSHOT.jar;C:\Users\jaisw\.m2\repository\org\hibernate\orm\hibernate-core\6.2.24.Final\hibernate-core-6.2.24.Final.jar;C:\Users\jaisw\.m2\repository\jakarta\persistence\jakarta.persistence-api\3.1.0\jakarta.persistence-api-3.1.0.jar;C:\Users\jaisw\.m2\repository\jakarta\transaction\jakarta.transaction-api\2.0.1\jakarta.transaction-api-2.0.1.jar;C:\Users\jaisw\.m2\repository\org\jboss\logging\jboss-logging\3.5.3.Final\jboss-logging-3.5.3.Final.jar;C:\Users\jaisw\.m2\repository\org\hibernate\common\hibernate-commons-annotations\6.0.6.Final\hibernate-commons-annotations-6.0.6.Final.jar;C:\Users\jaisw\.m2\repository\io\smallrye\jandex\3.0.5\jandex-3.0.5.jar;C:\Users\jaisw\.m2\repository\com\fasterxml\classmate\1.5.1\classmate-1.5.1.jar;C:\Users\jaisw\.m2\repository\net\bytebuddy\byte-buddy\1.14.13\byte-buddy-1.14.13.jar;C:\Users\jaisw\.m2\repository\org\glassfish\jaxb\jaxb-runtime\4.0.5\jaxb-runtime-4.0.5.jar;C:\Users\jaisw\.m2\repository\org\glassfish\jaxb\jaxb-core\4.0.5\jaxb-core-4.0.5.jar;C:\Users\jaisw\.m2\repository\org\eclipse\angus\angus-activation\2.0.2\angus-activation-2.0.2.jar;C:\Users\jaisw\.m2\repository\org\glassfish\jaxb\txw2\4.0.5\txw2-4.0.5.jar;C:\Users\jaisw\.m2\repository\com\sun\istack\istack-commons-runtime\4.1.2\istack-commons-runtime-4.1.2.jar;C:\Users\jaisw\.m2\repository\jakarta\inject\jakarta.inject-api\2.0.1\jakarta.inject-api-2.0.1.jar;C:\Users\jaisw\.m2\repository\org\antlr\antlr4-runtime\4.10.1\antlr4-runtime-4.10.1.jar;C:\Users\jaisw\.m2\repository\org\springframework\data\spring-data-jpa\3.1.11-SNAPSHOT\spring-data-jpa-3.1.11-SNAPSHOT.jar;C:\Users\jaisw\.m2\repository\org\springframework\data\spring-data-commons\3.1.11-SNAPSHOT\spring-data-commons-3.1.11-SNAPSHOT.jar;C:\Users\jaisw\.m2\repository\org\springframework\spring-orm\6.0.19-SNAPSHOT\spring-orm-6.0.19-SNAPSHOT.jar;C:\Users\jaisw\.m2\repository\org\springframework\spring-tx\6.0.19-SNAPSHOT\spring-tx-6.0.19-SNAPSHOT.jar;C:\Users\jaisw\.m2\repository\org\slf4j\slf4j-api\2.0.12\slf4j-api-2.0.12.jar;C:\Users\jaisw\.m2\repository\org\springframework\spring-aspects\6.0.19-SNAPSHOT\spring-aspects-6.0.19-SNAPSHOT.jar;C:\Users\jaisw\.m2\repository\org\springframework\boot\spring-boot-starter-validation\3.1.11-SNAPSHOT\spring-boot-starter-validation-3.1.11-SNAPSHOT.jar;C:\Users\jaisw\.m2\repository\org\apache\tomcat\embed\tomcat-embed-el\10.1.20\tomcat-embed-el-10.1.20.jar;C:\Users\jaisw\.m2\repository\org\hibernate\validator\hibernate-validator\8.0.1.Final\hibernate-validator-8.0.1.Final.jar;C:\Users\jaisw\.m2\repository\jakarta\validation\jakarta.validation-api\3.0.2\jakarta.validation-api-3.0.2.jar;C:\Users\jaisw\.m2\repository\com\mysql\mysql-connector-j\8.0.33\mysql-connector-j-8.0.33.jar;C:\Users\jaisw\.m2\repository\org\springframework\boot\spring-boot-devtools\3.1.11-SNAPSHOT\spring-boot-devtools-3.1.11-SNAPSHOT.jar;C:\Users\jaisw\.m2\repository\org\springframework\boot\spring-boot\3.1.11-SNAPSHOT\spring-boot-3.1.11-SNAPSHOT.jar;C:\Users\jaisw\.m2\repository\org\springframework\boot\spring-boot-autoconfigure\3.1.11-SNAPSHOT\spring-boot-autoconfigure-3.1.11-SNAPSHOT.jar;C:\Users\jaisw\.m2\repository\org\projectlombok\lombok\1.18.32\lombok-1.18.32.jar;C:\Users\jaisw\.m2\repository\org\springframework\boot\spring-boot-starter-test\3.1.11-SNAPSHOT\spring-boot-starter-test-3.1.11-SNAPSHOT.jar;C:\Users\jaisw\.m2\repository\org\springframework\boot\spring-boot-test\3.1.11-SNAPSHOT\spring-boot-test-3.1.11-SNAPSHOT.jar;C:\Users\jaisw\.m2\repository\org\springframework\boot\spring-boot-test-autoconfigure\3.1.11-SNAPSHOT\spring-boot-test-autoconfigure-3.1.11-SNAPSHOT.jar;C:\Users\jaisw\.m2\repository\com\jayway\jsonpath\json-path\2.9.0\json-path-2.9.0.jar;C:\Users\jaisw\.m2\repository\jakarta\xml\bind\jakarta.xml.bind-api\4.0.2\jakarta.xml.bind-api-4.0.2.jar;C:\Users\jaisw\.m2\repository\jakarta\activation\jakarta.activation-api\2.1.3\jakarta.activation-api-2.1.3.jar;C:\Users\jaisw\.m2\repository\net\minidev\json-smart\2.4.11\json-smart-2.4.11.jar;C:\Users\jaisw\.m2\repository\net\minidev\accessors-smart\2.4.11\accessors-smart-2.4.11.jar;C:\Users\jaisw\.m2\repository\org\ow2\asm\asm\9.3\asm-9.3.jar;C:\Users\jaisw\.m2\repository\org\assertj\assertj-core\3.24.2\assertj-core-3.24.2.jar;C:\Users\jaisw\.m2\repository\org\hamcrest\hamcrest\2.2\hamcrest-2.2.jar;C:\Users\jaisw\.m2\repository\org\junit\jupiter\junit-jupiter\5.9.3\junit-jupiter-5.9.3.jar;C:\Users\jaisw\.m2\repository\org\junit\jupiter\junit-jupiter-api\5.9.3\junit-jupiter-api-5.9.3.jar;C:\Users\jaisw\.m2\repository\org\opentest4j\opentest4j\1.2.0\opentest4j-1.2.0.jar;C:\Users\jaisw\.m2\repository\org\junit\platform\junit-platform-commons\1.9.3\junit-platform-commons-1.9.3.jar;C:\Users\jaisw\.m2\repository\org\apiguardian\apiguardian-api\1.1.2\apiguardian-api-1.1.2.jar;C:\Users\jaisw\.m2\repository\org\junit\jupiter\junit-jupiter-params\5.9.3\junit-jupiter-params-5.9.3.jar;C:\Users\jaisw\.m2\repository\org\junit\jupiter\junit-jupiter-engine\5.9.3\junit-jupiter-engine-5.9.3.jar;C:\Users\jaisw\.m2\repository\org\junit\platform\junit-platform-engine\1.9.3\junit-platform-engine-1.9.3.jar;C:\Users\jaisw\.m2\repository\org\mockito\mockito-core\5.3.1\mockito-core-5.3.1.jar;C:\Users\jaisw\.m2\repository\net\bytebuddy\byte-buddy-agent\1.14.13\byte-buddy-agent-1.14.13.jar;C:\Users\jaisw\.m2\repository\org\objenesis\objenesis\3.3\objenesis-3.3.jar;C:\Users\jaisw\.m2\repository\org\mockito\mockito-junit-jupiter\5.3.1\mockito-junit-jupiter-5.3.1.jar;C:\Users\jaisw\.m2\repository\org\skyscreamer\jsonassert\1.5.1\jsonassert-1.5.1.jar;C:\Users\jaisw\.m2\repository\com\vaadin\external\google\android-json\0.0.20131108.vaadin1\android-json-0.0.20131108.vaadin1.jar;C:\Users\jaisw\.m2\repository\org\springframework\spring-core\6.0.19-SNAPSHOT\spring-core-6.0.19-SNAPSHOT.jar;C:\Users\jaisw\.m2\repository\org\springframework\spring-jcl\6.0.19-SNAPSHOT\spring-jcl-6.0.19-SNAPSHOT.jar;C:\Users\jaisw\.m2\repository\org\springframework\spring-test\6.0.19-SNAPSHOT\spring-test-6.0.19-SNAPSHOT.jar;C:\Users\jaisw\.m2\repository\org\xmlunit\xmlunit-core\2.9.1\xmlunit-core-2.9.1.jar;C:\Users\jaisw\.m2\repository\io\jsonwebtoken\jjwt-api\0.11.5\jjwt-api-0.11.5.jar;C:\Users\jaisw\.m2\repository\io\jsonwebtoken\jjwt-impl\0.11.5\jjwt-impl-0.11.5.jar;C:\Users\jaisw\.m2\repository\io\jsonwebtoken\jjwt-jackson\0.11.5\jjwt-jackson-0.11.5.jar;C:\Users\jaisw\.m2\repository\com\fasterxml\jackson\core\jackson-databind\2.15.4\jackson-databind-2.15.4.jar;C:\Users\jaisw\.m2\repository\com\fasterxml\jackson\core\jackson-annotations\2.15.4\jackson-annotations-2.15.4.jar;C:\Users\jaisw\.m2\repository\com\fasterxml\jackson\core\jackson-core\2.15.4\jackson-core-2.15.4.jar;C:\Users\jaisw\.m2\repository\io\jsonwebtoken\jjwt\0.9.1\jjwt-0.9.1.jar;"/>
    <property name="sun.cpu.endian" value="little"/>
    <property name="user.home" value="C:\Users\jaisw"/>
    <property name="user.language" value="en"/>
    <property name="java.specification.vendor" value="Oracle Corporation"/>
    <property name="java.version.date" value="2024-01-16"/>
    <property name="java.home" value="C:\Users\jaisw\my software\jdk-21_windows-x64_bin\jdk-21.0.2"/>
    <property name="file.separator" value="\"/>
    <property name="basedir" value="C:\Users\jaisw\java-project\EntityMapping"/>
    <property name="style.color" value="always"/>
    <property name="java.vm.compressedOopsMode" value="32-bit"/>
    <property name="line.separator" value="&#10;"/>
    <property name="java.vm.specification.vendor" value="Oracle Corporation"/>
    <property name="java.specification.name" value="Java Platform API Specification"/>
    <property name="FILE_LOG_CHARSET" value="UTF-8"/>
    <property name="java.awt.headless" value="true"/>
    <property name="surefire.real.class.path" value="C:\Users\jaisw\AppData\Local\Temp\surefire6421129412424042236\surefirebooter-20240415170018608_3.jar"/>
    <property name="user.script" value=""/>
    <property name="sun.management.compiler" value="HotSpot 64-Bit Tiered Compilers"/>
    <property name="java.runtime.version" value="21.0.2+13-LTS-58"/>
    <property name="user.name" value="jaisw"/>
    <property name="stdout.encoding" value="Cp1252"/>
    <property name="path.separator" value=";"/>
    <property name="os.version" value="10.0"/>
    <property name="java.runtime.name" value="Java(TM) SE Runtime Environment"/>
    <property name="file.encoding" value="UTF-8"/>
    <property name="java.vm.name" value="Java HotSpot(TM) 64-Bit Server VM"/>
    <property name="localRepository" value="C:\Users\jaisw\.m2\repository"/>
    <property name="java.vendor.url.bug" value="https://bugreport.java.com/bugreport/"/>
    <property name="java.io.tmpdir" value="C:\Users\jaisw\AppData\Local\Temp\"/>
    <property name="com.zaxxer.hikari.pool_number" value="1"/>
    <property name="java.version" value="21.0.2"/>
    <property name="user.dir" value="C:\Users\jaisw\java-project\EntityMapping"/>
    <property name="os.arch" value="amd64"/>
    <property name="java.vm.specification.name" value="Java Virtual Machine Specification"/>
    <property name="PID" value="15856"/>
    <property name="sun.os.patch.level" value=""/>
    <property name="CONSOLE_LOG_CHARSET" value="UTF-8"/>
    <property name="native.encoding" value="Cp1252"/>
    <property name="java.library.path" value="C:\Users\jaisw\my software\jdk-21_windows-x64_bin\jdk-21.0.2\bin;C:\WINDOWS\Sun\Java\bin;C:\WINDOWS\system32;C:\WINDOWS;C:/Users/jaisw/Downloads/sts-4.22.0.RELEASE//plugins/org.eclipse.justj.openjdk.hotspot.jre.full.win32.x86_64_17.0.10.v20240120-1143/jre/bin/server;C:/Users/jaisw/Downloads/sts-4.22.0.RELEASE//plugins/org.eclipse.justj.openjdk.hotspot.jre.full.win32.x86_64_17.0.10.v20240120-1143/jre/bin;C:\WINDOWS\system32;C:\WINDOWS;C:\WINDOWS\System32\Wbem;C:\WINDOWS\System32\WindowsPowerShell\v1.0\;C:\WINDOWS\System32\OpenSSH\;C:\Program Files\VisualSVN Server\bin;C:\Program Files\TortoiseSVN\bin;C:\Users\jaisw\my software\openjdk-19.0.1_windows-x64_bin\jdk-19.0.1\bin;C:\Users\jaisw\apache-maven-3.9.6\bin;C:\Program Files\Git\cmd;C:\Program Files\HP\HP One Agent;C:\Program Files\Docker\Docker\resources\bin;C:\Users\jaisw\AppData\Local\Microsoft\WindowsApps;C:\Program Files\JetBrains\IntelliJ IDEA 2023.3.2\bin;;C:\Users\jaisw\my software\jdk-21_windows-x64_bin\jdk-21.0.2\bin;;C:\Users\jaisw\Downloads\sts-4.22.0.RELEASE;;."/>
    <property name="java.vm.info" value="mixed mode, sharing"/>
    <property name="stderr.encoding" value="Cp1252"/>
    <property name="java.vendor" value="Oracle Corporation"/>
    <property name="java.vm.version" value="21.0.2+13-LTS-58"/>
    <property name="sun.io.unicode.encoding" value="UnicodeLittle"/>
    <property name="java.class.version" value="65.0"/>
  </properties>
  <testcase name="contextLoads" classname="com.parentChild.mapping.EntityMappingApplicationTests" time="0.491">
    <system-out><![CDATA[17:00:19.423 [main] INFO org.springframework.test.context.support.AnnotationConfigContextLoaderUtils -- Could not detect default configuration classes for test class [com.parentChild.mapping.EntityMappingApplicationTests]: EntityMappingApplicationTests does not declare any static, non-private, non-final, nested classes annotated with @Configuration.
17:00:19.513 [main] INFO org.springframework.boot.test.context.SpringBootTestContextBootstrapper -- Found @SpringBootConfiguration com.parentChild.mapping.EntityMappingApplication for test class com.parentChild.mapping.EntityMappingApplicationTests
17:00:19.654 [main] INFO org.springframework.boot.devtools.restart.RestartApplicationListener -- Restart disabled due to context in which it is running

  .   ____          _            __ _ _
 /\\ / ___'_ __ _ _(_)_ __  __ _ \ \ \ \
( ( )\___ | '_ | '_| | '_ \/ _` | \ \ \ \
 \\/  ___)| |_)| | | | | || (_| |  ) ) ) )
  '  |____| .__|_| |_|_| |_\__, | / / / /
 =========|_|==============|___/=/_/_/_/
 :: Spring Boot ::      (v3.1.11-SNAPSHOT)

2024-04-15T17:00:19.894+05:30  INFO 15856 --- [           main] c.p.m.EntityMappingApplicationTests      : Starting EntityMappingApplicationTests using Java 21.0.2 with PID 15856 (started by jaisw in C:\Users\jaisw\java-project\EntityMapping)
2024-04-15T17:00:19.896+05:30  INFO 15856 --- [           main] c.p.m.EntityMappingApplicationTests      : No active profile set, falling back to 1 default profile: "default"
2024-04-15T17:00:20.570+05:30  INFO 15856 --- [           main] .s.d.r.c.RepositoryConfigurationDelegate : Bootstrapping Spring Data JPA repositories in DEFAULT mode.
2024-04-15T17:00:20.638+05:30  INFO 15856 --- [           main] .s.d.r.c.RepositoryConfigurationDelegate : Finished Spring Data repository scanning in 59 ms. Found 3 JPA repository interfaces.
2024-04-15T17:00:21.133+05:30  INFO 15856 --- [           main] o.hibernate.jpa.internal.util.LogHelper  : HHH000204: Processing PersistenceUnitInfo [name: default]
2024-04-15T17:00:21.231+05:30  INFO 15856 --- [           main] org.hibernate.Version                    : HHH000412: Hibernate ORM core version 6.2.24.Final
2024-04-15T17:00:21.233+05:30  INFO 15856 --- [           main] org.hibernate.cfg.Environment            : HHH000406: Using bytecode reflection optimizer
2024-04-15T17:00:21.585+05:30  INFO 15856 --- [           main] o.s.o.j.p.SpringPersistenceUnitInfo      : No LoadTimeWeaver setup: ignoring JPA class transformer
2024-04-15T17:00:21.617+05:30  INFO 15856 --- [           main] com.zaxxer.hikari.HikariDataSource       : HikariPool-1 - Starting...
2024-04-15T17:00:21.621+05:30  WARN 15856 --- [           main] c.zaxxer.hikari.util.DriverDataSource    : Registered driver with driverClassName=com.mysql.jdbc.Driver was not found, trying direct instantiation.
2024-04-15T17:00:22.088+05:30  INFO 15856 --- [           main] com.zaxxer.hikari.pool.HikariPool        : HikariPool-1 - Added connection com.mysql.cj.jdbc.ConnectionImpl@655621fd
2024-04-15T17:00:22.090+05:30  INFO 15856 --- [           main] com.zaxxer.hikari.HikariDataSource       : HikariPool-1 - Start completed.
2024-04-15T17:00:23.119+05:30  INFO 15856 --- [           main] o.h.e.t.j.p.i.JtaPlatformInitiator       : HHH000489: No JTA platform available (set 'hibernate.transaction.jta.platform' to enable JTA platform integration)
2024-04-15T17:00:23.232+05:30  INFO 15856 --- [           main] j.LocalContainerEntityManagerFactoryBean : Initialized JPA EntityManagerFactory for persistence unit 'default'
2024-04-15T17:00:23.622+05:30  WARN 15856 --- [           main] JpaBaseConfiguration$JpaWebConfiguration : spring.jpa.open-in-view is enabled by default. Therefore, database queries may be performed during view rendering. Explicitly configure spring.jpa.open-in-view to disable this warning
2024-04-15T17:00:23.901+05:30  INFO 15856 --- [           main] o.s.s.web.DefaultSecurityFilterChain     : Will secure any request with [org.springframework.security.web.session.DisableEncodeUrlFilter@73158d35, org.springframework.security.web.context.request.async.WebAsyncManagerIntegrationFilter@55a29589, org.springframework.security.web.context.SecurityContextHolderFilter@28ffa527, org.springframework.security.web.header.HeaderWriterFilter@726dd367, org.springframework.security.web.authentication.logout.LogoutFilter@75d61b62, com.parentChild.mapping.security.jwt.JwtAuthenticationFilter@5dc1597f, org.springframework.security.web.savedrequest.RequestCacheAwareFilter@463746eb, org.springframework.security.web.servletapi.SecurityContextHolderAwareRequestFilter@3e729d46, org.springframework.security.web.authentication.AnonymousAuthenticationFilter@6d5fea64, org.springframework.security.web.session.SessionManagementFilter@3305897c, org.springframework.security.web.access.ExceptionTranslationFilter@5e1bfe66, org.springframework.security.web.access.intercept.AuthorizationFilter@5cef5fc9]
2024-04-15T17:00:24.199+05:30  INFO 15856 --- [           main] c.p.m.EntityMappingApplicationTests      : Started EntityMappingApplicationTests in 4.556 seconds (process running for 5.424)
]]></system-out>
    <system-err><![CDATA[Loading class `com.mysql.jdbc.Driver'. This is deprecated. The new driver class is `com.mysql.cj.jdbc.Driver'. The driver is automatically registered via the SPI and manual loading of the driver class is generally unnecessary.
WARNING: A Java agent has been loaded dynamically (C:\Users\jaisw\.m2\repository\net\bytebuddy\byte-buddy-agent\1.14.13\byte-buddy-agent-1.14.13.jar)
WARNING: If a serviceability tool is in use, please run with -XX:+EnableDynamicAgentLoading to hide this warning
WARNING: If a serviceability tool is not in use, please run with -Djdk.instrument.traceUsage for more information
WARNING: Dynamic loading of agents will be disallowed by default in a future release
]]></system-err>
  </testcase>
</testsuite>